{"C:\\Users\\julian\\Documents\\Microverse\\JS\\js-capstone-shooter-game\\src\\Config\\scoresAPI.js": {"path":"C:\\Users\\julian\\Documents\\Microverse\\JS\\js-capstone-shooter-game\\src\\Config\\scoresAPI.js","statementMap":{"0":{"start":{"line":5,"column":14},"end":{"line":5,"column":35}},"1":{"start":{"line":7,"column":18},"end":{"line":22,"column":1}},"2":{"start":{"line":8,"column":2},"end":{"line":21,"column":3}},"3":{"start":{"line":9,"column":20},"end":{"line":16,"column":6}},"4":{"start":{"line":17,"column":21},"end":{"line":17,"column":41}},"5":{"start":{"line":18,"column":4},"end":{"line":18,"column":20}},"6":{"start":{"line":20,"column":4},"end":{"line":20,"column":50}},"7":{"start":{"line":24,"column":18},"end":{"line":43,"column":1}},"8":{"start":{"line":25,"column":22},"end":{"line":25,"column":24}},"9":{"start":{"line":26,"column":2},"end":{"line":42,"column":3}},"10":{"start":{"line":27,"column":20},"end":{"line":33,"column":6}},"11":{"start":{"line":34,"column":21},"end":{"line":34,"column":41}},"12":{"start":{"line":35,"column":17},"end":{"line":35,"column":32}},"13":{"start":{"line":36,"column":4},"end":{"line":38,"column":7}},"14":{"start":{"line":37,"column":6},"end":{"line":37,"column":50}},"15":{"start":{"line":39,"column":4},"end":{"line":39,"column":23}},"16":{"start":{"line":41,"column":4},"end":{"line":41,"column":50}}},"fnMap":{"0":{"name":"(anonymous_0)","decl":{"start":{"line":7,"column":18},"end":{"line":7,"column":19}},"loc":{"start":{"line":7,"column":43},"end":{"line":22,"column":1}},"line":7},"1":{"name":"(anonymous_1)","decl":{"start":{"line":24,"column":18},"end":{"line":24,"column":19}},"loc":{"start":{"line":24,"column":30},"end":{"line":43,"column":1}},"line":24},"2":{"name":"(anonymous_2)","decl":{"start":{"line":36,"column":17},"end":{"line":36,"column":18}},"loc":{"start":{"line":36,"column":26},"end":{"line":38,"column":5}},"line":36}},"branchMap":{},"s":{"0":1,"1":1,"2":1,"3":1,"4":1,"5":1,"6":0,"7":1,"8":1,"9":1,"10":1,"11":1,"12":1,"13":1,"14":55,"15":1,"16":0},"f":{"0":1,"1":1,"2":55},"b":{},"_coverageSchema":"1a1c01bbd47fc00a2c39e90264f33305004495a9","hash":"030b7de819e993fbd2aa2d5df6fb5aa55699c45e"}
,"C:\\Users\\julian\\Documents\\Microverse\\JS\\js-capstone-shooter-game\\src\\Entities\\carrierShip.js": {"path":"C:\\Users\\julian\\Documents\\Microverse\\JS\\js-capstone-shooter-game\\src\\Entities\\carrierShip.js","statementMap":{"0":{"start":{"line":6,"column":4},"end":{"line":6,"column":51}},"1":{"start":{"line":7,"column":4},"end":{"line":7,"column":56}},"2":{"start":{"line":8,"column":4},"end":{"line":8,"column":20}}},"fnMap":{"0":{"name":"(anonymous_0)","decl":{"start":{"line":5,"column":2},"end":{"line":5,"column":3}},"loc":{"start":{"line":5,"column":27},"end":{"line":9,"column":3}},"line":5}},"branchMap":{},"s":{"0":0,"1":0,"2":0},"f":{"0":0},"b":{},"_coverageSchema":"1a1c01bbd47fc00a2c39e90264f33305004495a9","hash":"f10bda50a3868b464771dd30e6b6ee4b3c26eec9"}
,"C:\\Users\\julian\\Documents\\Microverse\\JS\\js-capstone-shooter-game\\src\\Entities\\chaserShip.js": {"path":"C:\\Users\\julian\\Documents\\Microverse\\JS\\js-capstone-shooter-game\\src\\Entities\\chaserShip.js","statementMap":{"0":{"start":{"line":6,"column":4},"end":{"line":6,"column":50}},"1":{"start":{"line":7,"column":4},"end":{"line":7,"column":56}},"2":{"start":{"line":8,"column":4},"end":{"line":11,"column":6}},"3":{"start":{"line":12,"column":4},"end":{"line":12,"column":39}},"4":{"start":{"line":13,"column":4},"end":{"line":13,"column":20}},"5":{"start":{"line":17,"column":4},"end":{"line":39,"column":5}},"6":{"start":{"line":18,"column":6},"end":{"line":25,"column":7}},"7":{"start":{"line":24,"column":8},"end":{"line":24,"column":39}},"8":{"start":{"line":27,"column":6},"end":{"line":38,"column":7}},"9":{"start":{"line":28,"column":19},"end":{"line":28,"column":47}},"10":{"start":{"line":29,"column":19},"end":{"line":29,"column":47}},"11":{"start":{"line":31,"column":22},"end":{"line":31,"column":40}},"12":{"start":{"line":33,"column":22},"end":{"line":33,"column":25}},"13":{"start":{"line":34,"column":8},"end":{"line":37,"column":10}}},"fnMap":{"0":{"name":"(anonymous_0)","decl":{"start":{"line":5,"column":2},"end":{"line":5,"column":3}},"loc":{"start":{"line":5,"column":27},"end":{"line":14,"column":3}},"line":5},"1":{"name":"(anonymous_1)","decl":{"start":{"line":16,"column":2},"end":{"line":16,"column":3}},"loc":{"start":{"line":16,"column":11},"end":{"line":40,"column":3}},"line":16}},"branchMap":{"0":{"loc":{"start":{"line":17,"column":4},"end":{"line":39,"column":5}},"type":"if","locations":[{"start":{"line":17,"column":4},"end":{"line":39,"column":5}},{"start":{"line":17,"column":4},"end":{"line":39,"column":5}}],"line":17},"1":{"loc":{"start":{"line":17,"column":8},"end":{"line":17,"column":52}},"type":"binary-expr","locations":[{"start":{"line":17,"column":8},"end":{"line":17,"column":31}},{"start":{"line":17,"column":35},"end":{"line":17,"column":52}}],"line":17},"2":{"loc":{"start":{"line":18,"column":6},"end":{"line":25,"column":7}},"type":"if","locations":[{"start":{"line":18,"column":6},"end":{"line":25,"column":7}},{"start":{"line":18,"column":6},"end":{"line":25,"column":7}}],"line":18},"3":{"loc":{"start":{"line":27,"column":6},"end":{"line":38,"column":7}},"type":"if","locations":[{"start":{"line":27,"column":6},"end":{"line":38,"column":7}},{"start":{"line":27,"column":6},"end":{"line":38,"column":7}}],"line":27}},"s":{"0":0,"1":0,"2":0,"3":0,"4":0,"5":0,"6":0,"7":0,"8":0,"9":0,"10":0,"11":0,"12":0,"13":0},"f":{"0":0,"1":0},"b":{"0":[0,0],"1":[0,0],"2":[0,0],"3":[0,0]},"_coverageSchema":"1a1c01bbd47fc00a2c39e90264f33305004495a9","hash":"cc76a3665bbdf927c274d6bd292f056e6dab29dc"}
,"C:\\Users\\julian\\Documents\\Microverse\\JS\\js-capstone-shooter-game\\src\\Entities\\enemyLaser.js": {"path":"C:\\Users\\julian\\Documents\\Microverse\\JS\\js-capstone-shooter-game\\src\\Entities\\enemyLaser.js","statementMap":{"0":{"start":{"line":5,"column":4},"end":{"line":5,"column":41}},"1":{"start":{"line":6,"column":4},"end":{"line":6,"column":31}}},"fnMap":{"0":{"name":"(anonymous_0)","decl":{"start":{"line":4,"column":2},"end":{"line":4,"column":3}},"loc":{"start":{"line":4,"column":27},"end":{"line":7,"column":3}},"line":4}},"branchMap":{},"s":{"0":0,"1":0},"f":{"0":0},"b":{},"_coverageSchema":"1a1c01bbd47fc00a2c39e90264f33305004495a9","hash":"af3cf32767932194a951730de8db6f978f186cd5"}
,"C:\\Users\\julian\\Documents\\Microverse\\JS\\js-capstone-shooter-game\\src\\Entities\\entity.js": {"path":"C:\\Users\\julian\\Documents\\Microverse\\JS\\js-capstone-shooter-game\\src\\Entities\\entity.js","statementMap":{"0":{"start":{"line":5,"column":4},"end":{"line":5,"column":28}},"1":{"start":{"line":6,"column":4},"end":{"line":6,"column":23}},"2":{"start":{"line":7,"column":4},"end":{"line":7,"column":34}},"3":{"start":{"line":8,"column":4},"end":{"line":8,"column":49}},"4":{"start":{"line":9,"column":4},"end":{"line":9,"column":31}},"5":{"start":{"line":10,"column":4},"end":{"line":10,"column":34}},"6":{"start":{"line":14,"column":4},"end":{"line":42,"column":5}},"7":{"start":{"line":16,"column":6},"end":{"line":16,"column":38}},"8":{"start":{"line":17,"column":6},"end":{"line":17,"column":32}},"9":{"start":{"line":20,"column":6},"end":{"line":20,"column":81}},"10":{"start":{"line":22,"column":6},"end":{"line":22,"column":52}},"11":{"start":{"line":24,"column":6},"end":{"line":28,"column":7}},"12":{"start":{"line":25,"column":8},"end":{"line":27,"column":9}},"13":{"start":{"line":26,"column":10},"end":{"line":26,"column":40}},"14":{"start":{"line":30,"column":6},"end":{"line":30,"column":23}},"15":{"start":{"line":31,"column":6},"end":{"line":31,"column":34}},"16":{"start":{"line":33,"column":6},"end":{"line":39,"column":15}},"17":{"start":{"line":34,"column":8},"end":{"line":38,"column":9}},"18":{"start":{"line":35,"column":10},"end":{"line":35,"column":25}},"19":{"start":{"line":37,"column":10},"end":{"line":37,"column":33}},"20":{"start":{"line":41,"column":6},"end":{"line":41,"column":35}}},"fnMap":{"0":{"name":"(anonymous_0)","decl":{"start":{"line":4,"column":2},"end":{"line":4,"column":3}},"loc":{"start":{"line":4,"column":38},"end":{"line":11,"column":3}},"line":4},"1":{"name":"(anonymous_1)","decl":{"start":{"line":13,"column":2},"end":{"line":13,"column":3}},"loc":{"start":{"line":13,"column":22},"end":{"line":43,"column":3}},"line":13},"2":{"name":"(anonymous_2)","decl":{"start":{"line":33,"column":35},"end":{"line":33,"column":36}},"loc":{"start":{"line":33,"column":47},"end":{"line":39,"column":7}},"line":33}},"branchMap":{"0":{"loc":{"start":{"line":14,"column":4},"end":{"line":42,"column":5}},"type":"if","locations":[{"start":{"line":14,"column":4},"end":{"line":42,"column":5}},{"start":{"line":14,"column":4},"end":{"line":42,"column":5}}],"line":14},"1":{"loc":{"start":{"line":24,"column":6},"end":{"line":28,"column":7}},"type":"if","locations":[{"start":{"line":24,"column":6},"end":{"line":28,"column":7}},{"start":{"line":24,"column":6},"end":{"line":28,"column":7}}],"line":24},"2":{"loc":{"start":{"line":25,"column":8},"end":{"line":27,"column":9}},"type":"if","locations":[{"start":{"line":25,"column":8},"end":{"line":27,"column":9}},{"start":{"line":25,"column":8},"end":{"line":27,"column":9}}],"line":25},"3":{"loc":{"start":{"line":34,"column":8},"end":{"line":38,"column":9}},"type":"if","locations":[{"start":{"line":34,"column":8},"end":{"line":38,"column":9}},{"start":{"line":34,"column":8},"end":{"line":38,"column":9}}],"line":34}},"s":{"0":0,"1":0,"2":0,"3":0,"4":0,"5":0,"6":0,"7":0,"8":0,"9":0,"10":0,"11":0,"12":0,"13":0,"14":0,"15":0,"16":0,"17":0,"18":0,"19":0,"20":0},"f":{"0":0,"1":0,"2":0},"b":{"0":[0,0],"1":[0,0],"2":[0,0],"3":[0,0]},"_coverageSchema":"1a1c01bbd47fc00a2c39e90264f33305004495a9","hash":"4328b4387b5c17ce8e7e6bfa567980beea758c01"}
,"C:\\Users\\julian\\Documents\\Microverse\\JS\\js-capstone-shooter-game\\src\\Entities\\gunShip.js": {"path":"C:\\Users\\julian\\Documents\\Microverse\\JS\\js-capstone-shooter-game\\src\\Entities\\gunShip.js","statementMap":{"0":{"start":{"line":7,"column":4},"end":{"line":7,"column":47}},"1":{"start":{"line":8,"column":4},"end":{"line":8,"column":56}},"2":{"start":{"line":9,"column":4},"end":{"line":22,"column":7}},"3":{"start":{"line":12,"column":22},"end":{"line":16,"column":9}},"4":{"start":{"line":17,"column":8},"end":{"line":17,"column":40}},"5":{"start":{"line":18,"column":8},"end":{"line":18,"column":42}},"6":{"start":{"line":23,"column":4},"end":{"line":23,"column":20}},"7":{"start":{"line":27,"column":4},"end":{"line":31,"column":5}},"8":{"start":{"line":28,"column":6},"end":{"line":30,"column":7}},"9":{"start":{"line":29,"column":8},"end":{"line":29,"column":38}}},"fnMap":{"0":{"name":"(anonymous_0)","decl":{"start":{"line":6,"column":2},"end":{"line":6,"column":3}},"loc":{"start":{"line":6,"column":27},"end":{"line":24,"column":3}},"line":6},"1":{"name":"(anonymous_1)","decl":{"start":{"line":11,"column":6},"end":{"line":11,"column":7}},"loc":{"start":{"line":11,"column":17},"end":{"line":19,"column":7}},"line":11},"2":{"name":"(anonymous_2)","decl":{"start":{"line":26,"column":2},"end":{"line":26,"column":3}},"loc":{"start":{"line":26,"column":14},"end":{"line":32,"column":3}},"line":26}},"branchMap":{"0":{"loc":{"start":{"line":27,"column":4},"end":{"line":31,"column":5}},"type":"if","locations":[{"start":{"line":27,"column":4},"end":{"line":31,"column":5}},{"start":{"line":27,"column":4},"end":{"line":31,"column":5}}],"line":27},"1":{"loc":{"start":{"line":28,"column":6},"end":{"line":30,"column":7}},"type":"if","locations":[{"start":{"line":28,"column":6},"end":{"line":30,"column":7}},{"start":{"line":28,"column":6},"end":{"line":30,"column":7}}],"line":28}},"s":{"0":0,"1":0,"2":0,"3":0,"4":0,"5":0,"6":0,"7":0,"8":0,"9":0},"f":{"0":0,"1":0,"2":0},"b":{"0":[0,0],"1":[0,0]},"_coverageSchema":"1a1c01bbd47fc00a2c39e90264f33305004495a9","hash":"c991994c7cb47b683224f032d057d5b915803e8f"}
,"C:\\Users\\julian\\Documents\\Microverse\\JS\\js-capstone-shooter-game\\src\\Entities\\player.js": {"path":"C:\\Users\\julian\\Documents\\Microverse\\JS\\js-capstone-shooter-game\\src\\Entities\\player.js","statementMap":{"0":{"start":{"line":7,"column":4},"end":{"line":7,"column":38}},"1":{"start":{"line":8,"column":4},"end":{"line":8,"column":31}},"2":{"start":{"line":9,"column":4},"end":{"line":9,"column":38}},"3":{"start":{"line":10,"column":4},"end":{"line":10,"column":40}},"4":{"start":{"line":11,"column":4},"end":{"line":11,"column":72}},"5":{"start":{"line":15,"column":4},"end":{"line":15,"column":50}},"6":{"start":{"line":19,"column":4},"end":{"line":19,"column":49}},"7":{"start":{"line":23,"column":4},"end":{"line":23,"column":50}},"8":{"start":{"line":27,"column":4},"end":{"line":27,"column":49}},"9":{"start":{"line":31,"column":4},"end":{"line":31,"column":32}},"10":{"start":{"line":33,"column":4},"end":{"line":33,"column":72}},"11":{"start":{"line":34,"column":4},"end":{"line":34,"column":73}},"12":{"start":{"line":36,"column":4},"end":{"line":46,"column":5}},"13":{"start":{"line":37,"column":6},"end":{"line":45,"column":7}},"14":{"start":{"line":38,"column":8},"end":{"line":38,"column":75}},"15":{"start":{"line":40,"column":22},"end":{"line":40,"column":65}},"16":{"start":{"line":41,"column":8},"end":{"line":41,"column":43}},"17":{"start":{"line":43,"column":8},"end":{"line":43,"column":36}},"18":{"start":{"line":44,"column":8},"end":{"line":44,"column":42}},"19":{"start":{"line":50,"column":4},"end":{"line":57,"column":7}},"20":{"start":{"line":53,"column":8},"end":{"line":53,"column":43}}},"fnMap":{"0":{"name":"(anonymous_0)","decl":{"start":{"line":6,"column":2},"end":{"line":6,"column":3}},"loc":{"start":{"line":6,"column":32},"end":{"line":12,"column":3}},"line":6},"1":{"name":"(anonymous_1)","decl":{"start":{"line":14,"column":2},"end":{"line":14,"column":3}},"loc":{"start":{"line":14,"column":11},"end":{"line":16,"column":3}},"line":14},"2":{"name":"(anonymous_2)","decl":{"start":{"line":18,"column":2},"end":{"line":18,"column":3}},"loc":{"start":{"line":18,"column":13},"end":{"line":20,"column":3}},"line":18},"3":{"name":"(anonymous_3)","decl":{"start":{"line":22,"column":2},"end":{"line":22,"column":3}},"loc":{"start":{"line":22,"column":13},"end":{"line":24,"column":3}},"line":22},"4":{"name":"(anonymous_4)","decl":{"start":{"line":26,"column":2},"end":{"line":26,"column":3}},"loc":{"start":{"line":26,"column":14},"end":{"line":28,"column":3}},"line":26},"5":{"name":"(anonymous_5)","decl":{"start":{"line":30,"column":2},"end":{"line":30,"column":3}},"loc":{"start":{"line":30,"column":11},"end":{"line":47,"column":3}},"line":30},"6":{"name":"(anonymous_6)","decl":{"start":{"line":49,"column":2},"end":{"line":49,"column":3}},"loc":{"start":{"line":49,"column":14},"end":{"line":58,"column":3}},"line":49},"7":{"name":"(anonymous_7)","decl":{"start":{"line":52,"column":6},"end":{"line":52,"column":7}},"loc":{"start":{"line":52,"column":17},"end":{"line":54,"column":7}},"line":52}},"branchMap":{"0":{"loc":{"start":{"line":36,"column":4},"end":{"line":46,"column":5}},"type":"if","locations":[{"start":{"line":36,"column":4},"end":{"line":46,"column":5}},{"start":{"line":36,"column":4},"end":{"line":46,"column":5}}],"line":36},"1":{"loc":{"start":{"line":37,"column":6},"end":{"line":45,"column":7}},"type":"if","locations":[{"start":{"line":37,"column":6},"end":{"line":45,"column":7}},{"start":{"line":37,"column":6},"end":{"line":45,"column":7}}],"line":37}},"s":{"0":0,"1":0,"2":0,"3":0,"4":0,"5":0,"6":0,"7":0,"8":0,"9":0,"10":0,"11":0,"12":0,"13":0,"14":0,"15":0,"16":0,"17":0,"18":0,"19":0,"20":0},"f":{"0":0,"1":0,"2":0,"3":0,"4":0,"5":0,"6":0,"7":0},"b":{"0":[0,0],"1":[0,0]},"_coverageSchema":"1a1c01bbd47fc00a2c39e90264f33305004495a9","hash":"c48735e037fc6c0c1e4522ea8d5832d4680f683b"}
,"C:\\Users\\julian\\Documents\\Microverse\\JS\\js-capstone-shooter-game\\src\\Entities\\playerLaser.js": {"path":"C:\\Users\\julian\\Documents\\Microverse\\JS\\js-capstone-shooter-game\\src\\Entities\\playerLaser.js","statementMap":{"0":{"start":{"line":5,"column":4},"end":{"line":5,"column":41}},"1":{"start":{"line":6,"column":4},"end":{"line":6,"column":32}}},"fnMap":{"0":{"name":"(anonymous_0)","decl":{"start":{"line":4,"column":2},"end":{"line":4,"column":3}},"loc":{"start":{"line":4,"column":27},"end":{"line":7,"column":3}},"line":4}},"branchMap":{},"s":{"0":0,"1":0},"f":{"0":0},"b":{},"_coverageSchema":"1a1c01bbd47fc00a2c39e90264f33305004495a9","hash":"036918e2b5949bc49330f66f37ec5ca4ed3f3ddd"}
}
