{"C:\\Users\\julian\\Documents\\Microverse\\JS\\js-capstone-shooter-game\\src\\Config\\scoresAPI.js": {"path":"C:\\Users\\julian\\Documents\\Microverse\\JS\\js-capstone-shooter-game\\src\\Config\\scoresAPI.js","statementMap":{"0":{"start":{"line":5,"column":14},"end":{"line":5,"column":35}},"1":{"start":{"line":7,"column":18},"end":{"line":22,"column":1}},"2":{"start":{"line":8,"column":2},"end":{"line":21,"column":3}},"3":{"start":{"line":9,"column":20},"end":{"line":16,"column":6}},"4":{"start":{"line":17,"column":21},"end":{"line":17,"column":41}},"5":{"start":{"line":18,"column":4},"end":{"line":18,"column":20}},"6":{"start":{"line":20,"column":4},"end":{"line":20,"column":50}},"7":{"start":{"line":24,"column":18},"end":{"line":43,"column":1}},"8":{"start":{"line":25,"column":22},"end":{"line":25,"column":24}},"9":{"start":{"line":26,"column":2},"end":{"line":42,"column":3}},"10":{"start":{"line":27,"column":20},"end":{"line":33,"column":6}},"11":{"start":{"line":34,"column":21},"end":{"line":34,"column":41}},"12":{"start":{"line":35,"column":17},"end":{"line":35,"column":32}},"13":{"start":{"line":36,"column":4},"end":{"line":38,"column":7}},"14":{"start":{"line":37,"column":6},"end":{"line":37,"column":50}},"15":{"start":{"line":39,"column":4},"end":{"line":39,"column":23}},"16":{"start":{"line":41,"column":4},"end":{"line":41,"column":50}}},"fnMap":{"0":{"name":"(anonymous_0)","decl":{"start":{"line":7,"column":18},"end":{"line":7,"column":19}},"loc":{"start":{"line":7,"column":43},"end":{"line":22,"column":1}},"line":7},"1":{"name":"(anonymous_1)","decl":{"start":{"line":24,"column":18},"end":{"line":24,"column":19}},"loc":{"start":{"line":24,"column":30},"end":{"line":43,"column":1}},"line":24},"2":{"name":"(anonymous_2)","decl":{"start":{"line":36,"column":17},"end":{"line":36,"column":18}},"loc":{"start":{"line":36,"column":26},"end":{"line":38,"column":5}},"line":36}},"branchMap":{},"s":{"0":1,"1":1,"2":1,"3":1,"4":1,"5":1,"6":0,"7":1,"8":1,"9":1,"10":1,"11":1,"12":1,"13":1,"14":50,"15":1,"16":0},"f":{"0":1,"1":1,"2":50},"b":{},"_coverageSchema":"1a1c01bbd47fc00a2c39e90264f33305004495a9","hash":"030b7de819e993fbd2aa2d5df6fb5aa55699c45e"}
,"C:\\Users\\julian\\Documents\\Microverse\\JS\\js-capstone-shooter-game\\src\\Entities\\entity.js": {"path":"C:\\Users\\julian\\Documents\\Microverse\\JS\\js-capstone-shooter-game\\src\\Entities\\entity.js","statementMap":{"0":{"start":{"line":5,"column":4},"end":{"line":5,"column":28}},"1":{"start":{"line":6,"column":4},"end":{"line":6,"column":23}},"2":{"start":{"line":7,"column":4},"end":{"line":7,"column":34}},"3":{"start":{"line":8,"column":4},"end":{"line":8,"column":49}},"4":{"start":{"line":9,"column":4},"end":{"line":9,"column":31}},"5":{"start":{"line":10,"column":4},"end":{"line":10,"column":34}},"6":{"start":{"line":14,"column":4},"end":{"line":42,"column":5}},"7":{"start":{"line":16,"column":6},"end":{"line":16,"column":38}},"8":{"start":{"line":17,"column":6},"end":{"line":17,"column":32}},"9":{"start":{"line":20,"column":6},"end":{"line":20,"column":81}},"10":{"start":{"line":22,"column":6},"end":{"line":22,"column":52}},"11":{"start":{"line":24,"column":6},"end":{"line":28,"column":7}},"12":{"start":{"line":25,"column":8},"end":{"line":27,"column":9}},"13":{"start":{"line":26,"column":10},"end":{"line":26,"column":40}},"14":{"start":{"line":30,"column":6},"end":{"line":30,"column":23}},"15":{"start":{"line":31,"column":6},"end":{"line":31,"column":34}},"16":{"start":{"line":33,"column":6},"end":{"line":39,"column":15}},"17":{"start":{"line":34,"column":8},"end":{"line":38,"column":9}},"18":{"start":{"line":35,"column":10},"end":{"line":35,"column":25}},"19":{"start":{"line":37,"column":10},"end":{"line":37,"column":33}},"20":{"start":{"line":41,"column":6},"end":{"line":41,"column":35}}},"fnMap":{"0":{"name":"(anonymous_0)","decl":{"start":{"line":4,"column":2},"end":{"line":4,"column":3}},"loc":{"start":{"line":4,"column":38},"end":{"line":11,"column":3}},"line":4},"1":{"name":"(anonymous_1)","decl":{"start":{"line":13,"column":2},"end":{"line":13,"column":3}},"loc":{"start":{"line":13,"column":22},"end":{"line":43,"column":3}},"line":13},"2":{"name":"(anonymous_2)","decl":{"start":{"line":33,"column":35},"end":{"line":33,"column":36}},"loc":{"start":{"line":33,"column":47},"end":{"line":39,"column":7}},"line":33}},"branchMap":{"0":{"loc":{"start":{"line":14,"column":4},"end":{"line":42,"column":5}},"type":"if","locations":[{"start":{"line":14,"column":4},"end":{"line":42,"column":5}},{"start":{"line":14,"column":4},"end":{"line":42,"column":5}}],"line":14},"1":{"loc":{"start":{"line":24,"column":6},"end":{"line":28,"column":7}},"type":"if","locations":[{"start":{"line":24,"column":6},"end":{"line":28,"column":7}},{"start":{"line":24,"column":6},"end":{"line":28,"column":7}}],"line":24},"2":{"loc":{"start":{"line":25,"column":8},"end":{"line":27,"column":9}},"type":"if","locations":[{"start":{"line":25,"column":8},"end":{"line":27,"column":9}},{"start":{"line":25,"column":8},"end":{"line":27,"column":9}}],"line":25},"3":{"loc":{"start":{"line":34,"column":8},"end":{"line":38,"column":9}},"type":"if","locations":[{"start":{"line":34,"column":8},"end":{"line":38,"column":9}},{"start":{"line":34,"column":8},"end":{"line":38,"column":9}}],"line":34}},"s":{"0":0,"1":0,"2":0,"3":0,"4":0,"5":0,"6":0,"7":0,"8":0,"9":0,"10":0,"11":0,"12":0,"13":0,"14":0,"15":0,"16":0,"17":0,"18":0,"19":0,"20":0},"f":{"0":0,"1":0,"2":0},"b":{"0":[0,0],"1":[0,0],"2":[0,0],"3":[0,0]},"_coverageSchema":"1a1c01bbd47fc00a2c39e90264f33305004495a9","hash":"4328b4387b5c17ce8e7e6bfa567980beea758c01"}
}
